<?xml version="1.0" encoding="UTF-8"?>
<!-- Generated by org.testng.reporters.JUnitReportReporter -->
<testsuite hostname="BLLCLAPUS1698" failures="0" tests="6" name="RestAssuredParams" time="5.509" errors="0" timestamp="2022-02-22T08:48:42 PST" skipped="0">
  <testcase classname="RestAssuredParams" name="test_NumberOfCircuits_ShouldBe_DataDriven" time="0.332"/>
  <system-out/>
  <testcase classname="RestAssuredParams" name="test_NumberOfCircuits_ShouldBe_DataDriven" time="0.349"/>
  <system-out/>
  <testcase classname="RestAssuredParams" name="test_NumberOfCircuits_ShouldBe_DataDriven" time="0.336"/>
  <system-out/>
  <testcase classname="RestAssuredParams" name="test_Parameters" time="0.276"/>
  <system-out/>
  <testcase classname="RestAssuredParams" name="test_NumberOfCircuits_ShouldBe20_Parameterized" time="3.511"/>
  <system-out/>
  <testcase classname="RestAssuredParams" name="test_ScenarioRetrieveFirstCircuitFor2017SeasonAndGetCountry_ShouldBeAustralia" time="0.705"/>
  <system-out/>
</testsuite> <!-- RestAssuredParams -->
