<?xml version="1.0" encoding="UTF-8"?>
<!-- Generated by org.testng.reporters.JUnitReportReporter -->
<testsuite hostname="BLLCLAPUS1698" failures="0" tests="1" name="thirdRestAssured" time="3.976" errors="0" timestamp="2022-02-18T10:04:11 PST" skipped="0">
  <testcase classname="thirdRestAssured" name="getRequest" time="3.976"/>
  <system-out/>
</testsuite> <!-- thirdRestAssured -->
