<?xml version="1.0" encoding="UTF-8"?>
<!-- Generated by org.testng.reporters.JUnitReportReporter -->
<testsuite hostname="BLLCLAPUS1698" failures="0" tests="1" name="firstRestAssured" time="2.348" errors="0" timestamp="2022-02-17T14:24:27 PST" skipped="0">
  <testcase classname="firstRestAssured" name="GetBooksDetails" time="2.348"/>
  <system-out/>
</testsuite> <!-- firstRestAssured -->
