<?xml version="1.0" encoding="UTF-8"?>
<!-- Generated by org.testng.reporters.JUnitReportReporter -->
<testsuite hostname="BLLCLAPUS1698" failures="0" tests="1" name="secondRestAssured" time="3.333" errors="0" timestamp="2022-02-17T14:14:24 PST" skipped="0">
  <testcase classname="secondRestAssured" name="test_01" time="3.333"/>
  <system-out/>
</testsuite> <!-- secondRestAssured -->
