<?xml version="1.0" encoding="UTF-8"?>
<!-- Generated by org.testng.reporters.JUnitReportReporter -->
<testsuite hostname="BLLCLAPUS1698" failures="0" tests="3" name="RacingDatabase" time="2.204" errors="0" timestamp="2022-02-22T08:55:11 PST" skipped="0">
  <testcase classname="RacingDatabase" name="test_NumberOfCircuits_ShouldBe20_UsingResponseSpec" time="0.340"/>
  <system-out/>
  <testcase classname="RacingDatabase" name="test_NumberOfCircuitsFor2017Season_ShouldBe20" time="0.783"/>
  <system-out/>
  <testcase classname="RacingDatabase" name="test_Headers" time="1.081"/>
  <system-out/>
</testsuite> <!-- RacingDatabase -->
