<?xml version="1.0" encoding="UTF-8"?>
<!-- Generated by org.testng.reporters.JUnitReportReporter -->
<testsuite hostname="BLLCLAPUS1698" failures="0" tests="1" name="fifthRestAssured" time="5.413" errors="0" timestamp="2022-02-18T11:57:57 PST" skipped="0">
  <testcase classname="fifthRestAssured" name="test_NumberOfCircuitsFor2017Season_ShouldBe20" time="5.413"/>
  <system-out/>
</testsuite> <!-- fifthRestAssured -->
