<?xml version="1.0" encoding="UTF-8"?>
<!-- Generated by org.testng.reporters.JUnitReportReporter -->
<testsuite hostname="BLLCLAPUS1698" failures="0" tests="1" name="fourthRestAssured" time="5.147" errors="0" timestamp="2022-02-18T11:11:39 PST" skipped="0">
  <testcase classname="fourthRestAssured" name="postRequest" time="5.147"/>
  <system-out/>
</testsuite> <!-- fourthRestAssured -->
